<?xml version="1.0" encoding="UTF-8"?>
<Site BuildName="Linux-g++"
	BuildStamp="20221102-1148-Experimental"
	Name="air"
	Generator="ctest-3.22.1"
	CompilerName="/usr/bin/g++"
	CompilerVersion="11.3.0"
	OSName="Linux"
	Hostname="air"
	OSRelease="5.15.0-43-generic"
	OSVersion="#46-Ubuntu SMP Tue Jul 12 10:30:17 UTC 2022"
	OSPlatform="x86_64"
	Is64Bits="1"
	VendorString="GenuineIntel"
	VendorID="Intel Corporation"
	FamilyID="6"
	ModelID="61"
	ProcessorCacheSize="3072"
	NumberOfLogicalCPU="4"
	NumberOfPhysicalCPU="2"
	TotalVirtualMemory="2047"
	TotalPhysicalMemory="7854"
	LogicalProcessorsPerPhysical="2"
	ProcessorClockFrequency="2500.07"
	>
	<Testing>
		<StartDateTime>Nov 02 14:48 +03</StartDateTime>
		<StartTestTime>1667389720</StartTestTime>
		<TestList/>
		<EndDateTime>Nov 02 14:48 +03</EndDateTime>
		<EndTestTime>1667389720</EndTestTime>
		<ElapsedMinutes>0</ElapsedMinutes>
	</Testing>
</Site>
